#
# A fatal error has been detected by the Java Runtime Environment:
#
#  SIGSEGV (0xb) at pc=0x00007fff8f94d6e4, pid=2536, tid=1811
#
# JRE version: Java(TM) SE Runtime Environment (8.0_11-b12) (build 1.8.0_11-b12)
# Java VM: Java HotSpot(TM) 64-Bit Server VM (25.11-b03 mixed mode bsd-amd64 compressed oops)
# Problematic frame:
# C  [libobjc.A.dylib+0x86e4]  objc_retain+0x14
#
# Failed to write core dump. Core dumps have been disabled. To enable core dumping, try "ulimit -c unlimited" before starting Java again
#
# If you would like to submit a bug report, please visit:
#   http://bugreport.sun.com/bugreport/crash.jsp
# The crash happened outside the Java Virtual Machine in native code.
# See problematic frame for where to report the bug.
#

---------------  T H R E A D  ---------------

Current thread (0x00007f8734a55000):  JavaThread "JavaFX Application Thread" [_thread_in_native, id=1811, stack(0x00007fff56180000,0x00007fff56980000)]

siginfo:si_signo=SIGSEGV: si_errno=0, si_code=0 (SEGV0), si_addr=0x0000000000000000

Registers:
RAX=0xa000000000000000, RBX=0x00007f8733c07dd0, RCX=0x00000000ffffffff, RDX=0x0000000000000050
RSP=0x00007fff5697bd18, RBP=0x00007fff5697bd30, RSI=0x00007fff91f25bd5, RDI=0x00007f873653c3c0
R8 =0x000000000000007f, R9 =0x00007f87362e3f40, R10=0x00007f873634c5b0, R11=0x00007fff78637308
R12=0x0000000000000003, R13=0x00007fff8f9460c0, R14=0x00007fff780f3530, R15=0x00007f8736447200
RIP=0x00007fff8f94d6e4, EFLAGS=0x0000000000010246, ERR=0x0000000000000000
  TRAPNO=0x000000000000000d

Top of Stack: (sp=0x00007fff5697bd18)
0x00007fff5697bd18:   00007fff8f94ebbc 00007f8736084ce0
0x00007fff5697bd28:   00007f8733c07d80 00007fff5697bd70
0x00007fff5697bd38:   00007fff9168a323 00007fff9168a1b1
0x00007fff5697bd48:   00007f8736224aa0 0000000000000003
0x00007fff5697bd58:   00007f8733c08f88 00007f8736224a10
0x00007fff5697bd68:   00007fff5697bdb8 00007fff5697bd90
0x00007fff5697bd78:   00007fff9168a1ce 00007fff9168a1b1
0x00007fff5697bd88:   00007f8736224a00 00007fff5697bda0
0x00007fff5697bd98:   00007fff8ba77d87 00007fff5697be40
0x00007fff5697bda8:   00007fff8ba77ce0 00007f8736206ef0
0x00007fff5697bdb8:   00007f8736224a00 00007f87361c6240
0x00007fff5697bdc8:   00007f873643d770 00007fff5697be40
0x00007fff5697bdd8:   00007fff8ba77bc6 00007fff5697bdb0
0x00007fff5697bde8:   00007fff5697bde0 00007f8733c08fa0
0x00007fff5697bdf8:   00007f8733c090e0 00007fff5697bdb0
0x00007fff5697be08:   0000000000000002 0e00140309846565
0x00007fff5697be18:   0000000000000001 00007fff5697bef0
0x00007fff5697be28:   0000000000000f03 00007f8733c090d0
0x00007fff5697be38:   00007f8733c08f90 00007fff5697cb20
0x00007fff5697be48:   00007fff8ba69de8 000000010a80045f
0x00007fff5697be58:   00007fff5697be08 00007fff776bccf0
0x00007fff5697be68:   0000000000000000 00007f8733c08f90
0x00007fff5697be78:   000000010000010c 00007f8736279b60
0x00007fff5697be88:   000000015697be38 00007f8733c08fa0
0x00007fff5697be98:   00007f8733c090e0 00000000ffffff01
0x00007fff5697bea8:   00000ba34dcb93c4 0000130300000000
0x00007fff5697beb8:   0000000000000000 00001003407e8308
0x00007fff5697bec8:   00007fff5697c640 0000000000000000
0x00007fff5697bed8:   0000000000000000 0000000000000000
0x00007fff5697bee8:   ffffffffffffffff 0000001800000000
0x00007fff5697bef8:   00007fff5697c8c0 00007fff5697c640
0x00007fff5697bf08:   00007f8734a55000 000001f500000537 

Instructions: (pc=0x00007fff8f94d6e4)
0x00007fff8f94d6c4:   5f 5d c3 90 90 90 90 90 90 90 90 90 31 c0 48 85
0x00007fff8f94d6d4:   ff 74 09 40 f6 c7 01 74 04 48 89 f8 c3 48 8b 07
0x00007fff8f94d6e4:   f6 40 20 02 74 05 e9 c5 6a 01 00 48 8d 05 d2 53
0x00007fff8f94d6f4:   7a e8 48 8b 30 e9 c2 89 ff ff 90 90 90 90 90 90 

Register to memory mapping:

RAX=0xa000000000000000 is an unknown value
RBX=0x00007f8733c07dd0 is an unknown value
RCX=0x00000000ffffffff is an unknown value
RDX=0x0000000000000050 is an unknown value
RSP=0x00007fff5697bd18 is pointing into the stack for thread: 0x00007f8734a55000
RBP=0x00007fff5697bd30 is pointing into the stack for thread: 0x00007f8734a55000
RSI=0x00007fff91f25bd5: -[NSTitlebarContainerView shouldRoundCorners]+0xb15c7 in /System/Library/Frameworks/AppKit.framework/Versions/C/AppKit at 0x00007fff91507000
RDI=0x00007f873653c3c0 is an unknown value
R8 =0x000000000000007f is an unknown value
R9 =0x00007f87362e3f40 is an unknown value
R10=0x00007f873634c5b0 is an unknown value
R11=0x00007fff78637308: OBJC_CLASS_$__NSAutomaticFocusRingState+0 in /System/Library/Frameworks/AppKit.framework/Versions/C/AppKit at 0x00007fff91507000
R12=0x0000000000000003 is an unknown value
R13=0x00007fff8f9460c0: objc_msgSend+0 in /usr/lib/libobjc.A.dylib at 0x00007fff8f945000
R14=0x00007fff780f3530: _ZL13PropertyLocks+0x370 in /usr/lib/libobjc.A.dylib at 0x00007fff8f945000
R15=0x00007f8736447200 is an unknown value


Stack: [0x00007fff56180000,0x00007fff56980000],  sp=0x00007fff5697bd18,  free space=8175k
Native frames: (J=compiled Java code, j=interpreted, Vv=VM code, C=native code)
C  [libobjc.A.dylib+0x86e4]  objc_retain+0x14
C  [AppKit+0x183323]  +[_NSAutomaticFocusRing setActiveFirstResponderChanged]+0xe1
C  [AppKit+0x1831ce]  ___NSPostActiveFirstResponderChanged_block_invoke+0x1d
C  [CoreFoundation+0x7fd87]  __CFRUNLOOP_IS_CALLING_OUT_TO_AN_OBSERVER_CALLBACK_FUNCTION__+0x17
C  [CoreFoundation+0x7fce0]  __CFRunLoopDoObservers+0x170
C  [CoreFoundation+0x71de8]  __CFRunLoopRun+0x368
C  [CoreFoundation+0x71838]  CFRunLoopRunSpecific+0x128
C  [HIToolbox+0x2e43f]  RunCurrentEventLoopInMode+0xeb
C  [HIToolbox+0x2e0be]  ReceiveNextEventCommon+0xb3
C  [HIToolbox+0x2dffb]  _BlockUntilNextEventMatchingListInModeWithFilter+0x47
C  [AppKit+0x24821]  _DPSNextEvent+0x3c4
C  [AppKit+0x23fd0]  -[NSApplication nextEventMatchingMask:untilDate:inMode:dequeue:]+0xc2
C  [AppKit+0x17f73]  -[NSApplication run]+0x252
C  [libglass.dylib+0xbf95]  -[GlassApplication runLoop:]+0x6a5
C  [Foundation+0x65f4c]  __NSThreadPerformPerform+0x125
C  [CoreFoundation+0x80661]  __CFRUNLOOP_IS_CALLING_OUT_TO_A_SOURCE0_PERFORM_FUNCTION__+0x11
C  [CoreFoundation+0x727ed]  __CFRunLoopDoSources0+0x10d
C  [CoreFoundation+0x71e1f]  __CFRunLoopRun+0x39f
C  [CoreFoundation+0x71838]  CFRunLoopRunSpecific+0x128
C  [java+0x56cb]  CreateExecutionEnvironment+0x367
C  [java+0x166c]  JLI_Launch+0x7a0
C  [java+0x7689]  main+0x65
C  [java+0xec4]  start+0x34


---------------  P R O C E S S  ---------------

Java Threads: ( => current thread )
  0x00007f8734550800 JavaThread "Timer-19" daemon [_thread_blocked, id=424207, stack(0x0000000133cbe000,0x0000000133dbe000)]
  0x00007f8734f6e800 JavaThread "Timer-18" daemon [_thread_blocked, id=422155, stack(0x0000000133972000,0x0000000133a72000)]
  0x00007f873499e800 JavaThread "Timer-17" daemon [_thread_blocked, id=421635, stack(0x0000000133626000,0x0000000133726000)]
  0x00007f8734533800 JavaThread "Timer-16" daemon [_thread_blocked, id=419587, stack(0x00000001332da000,0x00000001333da000)]
  0x00007f87343c6800 JavaThread "Timer-15" daemon [_thread_blocked, id=416023, stack(0x0000000132f8e000,0x000000013308e000)]
  0x00007f8734b99000 JavaThread "Timer-14" daemon [_thread_blocked, id=415491, stack(0x0000000132c42000,0x0000000132d42000)]
  0x00007f873499a000 JavaThread "Timer-13" daemon [_thread_blocked, id=411927, stack(0x00000001328f6000,0x00000001329f6000)]
  0x00007f87343ad000 JavaThread "Timer-12" daemon [_thread_blocked, id=409867, stack(0x00000001324b4000,0x00000001325b4000)]
  0x00007f8734174000 JavaThread "Timer-11" daemon [_thread_blocked, id=409347, stack(0x0000000132168000,0x0000000132268000)]
  0x00007f8734af5800 JavaThread "Timer-10" daemon [_thread_blocked, id=407299, stack(0x0000000131e1c000,0x0000000131f1c000)]
  0x00007f8734c88800 JavaThread "Timer-9" daemon [_thread_blocked, id=405511, stack(0x0000000131ad0000,0x0000000131bd0000)]
  0x00007f8734877800 JavaThread "Timer-8" daemon [_thread_blocked, id=401675, stack(0x0000000131484000,0x0000000131584000)]
  0x00007f8734876800 JavaThread "Timer-7" daemon [_thread_blocked, id=399891, stack(0x0000000131138000,0x0000000131238000)]
  0x00007f873471a000 JavaThread "Timer-6" daemon [_thread_blocked, id=399363, stack(0x0000000130e6f000,0x0000000130f6f000)]
  0x00007f87344bd800 JavaThread "Timer-5" daemon [_thread_blocked, id=397315, stack(0x0000000130b23000,0x0000000130c23000)]
  0x00007f87341ba000 JavaThread "Timer-4" daemon [_thread_blocked, id=393819, stack(0x00000001307d7000,0x00000001308d7000)]
  0x00007f8734fb9000 JavaThread "Timer-3" daemon [_thread_blocked, id=391967, stack(0x00000001304ab000,0x00000001305ab000)]
  0x00007f8734514800 JavaThread "Timer-2" daemon [_thread_blocked, id=391431, stack(0x000000013019f000,0x000000013029f000)]
  0x00007f873451b000 JavaThread "Timer-1" daemon [_thread_blocked, id=385899, stack(0x000000012fc16000,0x000000012fd16000)]
  0x00007f8734da5000 JavaThread "JFXMedia Player EventQueueThread" daemon [_thread_blocked, id=384823, stack(0x000000012a9d8000,0x000000012aad8000)]
  0x00007f8734c5b000 JavaThread "Media Resource Disposer" daemon [_thread_blocked, id=380675, stack(0x0000000128899000,0x0000000128999000)]
  0x00007f87343df000 JavaThread "Prism Font Disposer" daemon [_thread_blocked, id=377639, stack(0x0000000127390000,0x0000000127490000)]
  0x00007f8734bab000 JavaThread "JFXMedia Player EventQueueThread" daemon [_thread_blocked, id=49159, stack(0x0000000125f99000,0x0000000126099000)]
  0x00007f8734ade000 JavaThread "JavaFX-Launcher" [_thread_blocked, id=47875, stack(0x000000012573e000,0x000000012583e000)]
  0x00007f8734ad9800 JavaThread "Thread-3" daemon [_thread_in_native, id=35587, stack(0x0000000124570000,0x00000001245f0000)]
=>0x00007f8734a55000 JavaThread "JavaFX Application Thread" [_thread_in_native, id=1811, stack(0x00007fff56180000,0x00007fff56980000)]
  0x00007f8734a5a000 JavaThread "Thread-1" daemon [_thread_blocked, id=22531, stack(0x00000001229d3000,0x0000000122ad3000)]
  0x00007f8734a1b800 JavaThread "QuantumRenderer-0" daemon [_thread_blocked, id=17411, stack(0x0000000121e7f000,0x0000000121f7f000)]
  0x00007f8734833000 JavaThread "Service Thread" daemon [_thread_blocked, id=16387, stack(0x0000000121ab5000,0x0000000121bb5000)]
  0x00007f8734076000 JavaThread "C1 CompilerThread1" daemon [_thread_blocked, id=15875, stack(0x00000001219b2000,0x0000000121ab2000)]
  0x00007f8734823000 JavaThread "C2 CompilerThread0" daemon [_thread_blocked, id=15131, stack(0x00000001218af000,0x00000001219af000)]
  0x00007f8734074800 JavaThread "Signal Dispatcher" daemon [_thread_blocked, id=11279, stack(0x00000001217ac000,0x00000001218ac000)]
  0x00007f8734055800 JavaThread "Finalizer" daemon [_thread_blocked, id=10499, stack(0x000000011fee4000,0x000000011ffe4000)]
  0x00007f873481c800 JavaThread "Reference Handler" daemon [_thread_blocked, id=9987, stack(0x000000011fde1000,0x000000011fee1000)]
  0x00007f8734808000 JavaThread "main" [_thread_blocked, id=3331, stack(0x000000010a272000,0x000000010a372000)]

Other Threads:
  0x00007f873481a000 VMThread [stack: 0x000000011fcde000,0x000000011fdde000] [id=9475]
  0x00007f8734059000 WatcherThread [stack: 0x0000000121bb8000,0x0000000121cb8000] [id=16899]

VM state:not at safepoint (normal execution)

VM Mutex/Monitor currently owned by a thread: None

Heap:
 PSYoungGen      total 52224K, used 17427K [0x0000000795580000, 0x000000079a000000, 0x00000007c0000000)
  eden space 49152K, 35% used [0x0000000795580000,0x0000000796684d70,0x0000000798580000)
  from space 3072K, 0% used [0x0000000798580000,0x0000000798580000,0x0000000798880000)
  to   space 3584K, 0% used [0x0000000799c80000,0x0000000799c80000,0x000000079a000000)
 ParOldGen       total 72192K, used 40634K [0x0000000740000000, 0x0000000744680000, 0x0000000795580000)
  object space 72192K, 56% used [0x0000000740000000,0x00000007427aeb48,0x0000000744680000)
 Metaspace       used 18992K, capacity 19328K, committed 19456K, reserved 1067008K
  class space    used 2721K, capacity 2793K, committed 2816K, reserved 1048576K

Card table byte_map: [0x0000000119bc0000,0x0000000119fc1000] byte_map_base: 0x00000001161c0000

Marking Bits: (ParMarkBitMap*) 0x0000000109c170a0
 Begin Bits: [0x000000011a472000, 0x000000011c472000)
 End Bits:   [0x000000011c472000, 0x000000011e472000)

Polling page: 0x000000010a3cd000

CodeCache: size=245760Kb used=11035Kb max_used=11035Kb free=234724Kb
 bounds [0x000000010a800000, 0x000000010b2e0000, 0x0000000119800000]
 total_blobs=4219 nmethods=3562 adapters=570
 compilation: enabled

Compilation events (10 events):
Event: 44.557 Thread 0x00007f8734076000 nmethod 3749 0x000000010b2c9750 code [0x000000010b2c98c0, 0x000000010b2c9af0]
Event: 44.557 Thread 0x00007f8734076000 3750       3       javafx.scene.control.SkinBase::snappedBottomInset (8 bytes)
Event: 44.557 Thread 0x00007f8734076000 nmethod 3750 0x000000010b2c9bd0 code [0x000000010b2c9d40, 0x000000010b2c9f70]
Event: 44.557 Thread 0x00007f8734076000 3742       3       javafx.beans.value.WeakChangeListener::changed (38 bytes)
Event: 44.558 Thread 0x00007f8734076000 nmethod 3742 0x000000010b2ca050 code [0x000000010b2ca1e0, 0x000000010b2ca6b8]
Event: 44.558 Thread 0x00007f8734076000 3743       3       com.sun.javafx.scene.control.skin.BehaviorSkinBase::handleControlPropertyChanged (1 bytes)
Event: 44.558 Thread 0x00007f8734076000 nmethod 3743 0x000000010b2ca850 code [0x000000010b2ca9a0, 0x000000010b2caaf0]
Event: 44.558 Thread 0x00007f8734076000 3738       3       com.sun.javafx.font.LogicalFont::getGlyphMapper (24 bytes)
Event: 44.558 Thread 0x00007f8734076000 nmethod 3738 0x000000010b2cab90 code [0x000000010b2cad00, 0x000000010b2caf68]
Event: 44.558 Thread 0x00007f8734076000 3746       3       com.sun.javafx.scene.control.skin.LabeledSkinBase::handleControlPropertyChanged (330 bytes)

GC Heap History (10 events):
Event: 11.704 GC heap before
{Heap before GC invocations=14 (full 0):
 PSYoungGen      total 22016K, used 19104K [0x0000000795580000, 0x0000000797980000, 0x00000007c0000000)
  eden space 18944K, 100% used [0x0000000795580000,0x0000000796800000,0x0000000796800000)
  from space 3072K, 5% used [0x0000000796800000,0x0000000796828000,0x0000000796b00000)
  to   space 3072K, 0% used [0x0000000797680000,0x0000000797680000,0x0000000797980000)
 ParOldGen       total 129536K, used 48009K [0x0000000740000000, 0x0000000747e80000, 0x0000000795580000)
  object space 129536K, 37% used [0x0000000740000000,0x0000000742ee25e8,0x0000000747e80000)
 Metaspace       used 17407K, capacity 17650K, committed 18048K, reserved 1064960K
  class space    used 2519K, capacity 2604K, committed 2688K, reserved 1048576K
Event: 11.720 GC heap after
Heap after GC invocations=14 (full 0):
 PSYoungGen      total 33792K, used 625K [0x0000000795580000, 0x0000000797980000, 0x00000007c0000000)
  eden space 30720K, 0% used [0x0000000795580000,0x0000000795580000,0x0000000797380000)
  from space 3072K, 20% used [0x0000000797680000,0x000000079771c508,0x0000000797980000)
  to   space 3072K, 0% used [0x0000000797380000,0x0000000797380000,0x0000000797680000)
 ParOldGen       total 129536K, used 54473K [0x0000000740000000, 0x0000000747e80000, 0x0000000795580000)
  object space 129536K, 42% used [0x0000000740000000,0x0000000743532678,0x0000000747e80000)
 Metaspace       used 17407K, capacity 17650K, committed 18048K, reserved 1064960K
  class space    used 2519K, capacity 2604K, committed 2688K, reserved 1048576K
}
Event: 15.433 GC heap before
{Heap before GC invocations=15 (full 0):
 PSYoungGen      total 33792K, used 31345K [0x0000000795580000, 0x0000000797980000, 0x00000007c0000000)
  eden space 30720K, 100% used [0x0000000795580000,0x0000000797380000,0x0000000797380000)
  from space 3072K, 20% used [0x0000000797680000,0x000000079771c508,0x0000000797980000)
  to   space 3072K, 0% used [0x0000000797380000,0x0000000797380000,0x0000000797680000)
 ParOldGen       total 129536K, used 54473K [0x0000000740000000, 0x0000000747e80000, 0x0000000795580000)
  object space 129536K, 42% used [0x0000000740000000,0x0000000743532678,0x0000000747e80000)
 Metaspace       used 17744K, capacity 17994K, committed 18304K, reserved 1064960K
  class space    used 2552K, capacity 2608K, committed 2688K, reserved 1048576K
Event: 15.478 GC heap after
Heap after GC invocations=15 (full 0):
 PSYoungGen      total 33792K, used 1196K [0x0000000795580000, 0x0000000798b80000, 0x00000007c0000000)
  eden space 30720K, 0% used [0x0000000795580000,0x0000000795580000,0x0000000797380000)
  from space 3072K, 38% used [0x0000000797380000,0x00000007974ab020,0x0000000797680000)
  to   space 3072K, 0% used [0x0000000798880000,0x0000000798880000,0x0000000798b80000)
 ParOldGen       total 129536K, used 73704K [0x0000000740000000, 0x0000000747e80000, 0x0000000795580000)
  object space 129536K, 56% used [0x0000000740000000,0x00000007447fa0b8,0x0000000747e80000)
 Metaspace       used 17744K, capacity 17994K, committed 18304K, reserved 1064960K
  class space    used 2552K, capacity 2608K, committed 2688K, reserved 1048576K
}
Event: 19.815 GC heap before
{Heap before GC invocations=16 (full 0):
 PSYoungGen      total 33792K, used 31916K [0x0000000795580000, 0x0000000798b80000, 0x00000007c0000000)
  eden space 30720K, 100% used [0x0000000795580000,0x0000000797380000,0x0000000797380000)
  from space 3072K, 38% used [0x0000000797380000,0x00000007974ab020,0x0000000797680000)
  to   space 3072K, 0% used [0x0000000798880000,0x0000000798880000,0x0000000798b80000)
 ParOldGen       total 129536K, used 73704K [0x0000000740000000, 0x0000000747e80000, 0x0000000795580000)
  object space 129536K, 56% used [0x0000000740000000,0x00000007447fa0b8,0x0000000747e80000)
 Metaspace       used 18115K, capacity 18408K, committed 18560K, reserved 1064960K
  class space    used 2604K, capacity 2677K, committed 2688K, reserved 1048576K
Event: 19.855 GC heap after
Heap after GC invocations=16 (full 0):
 PSYoungGen      total 52224K, used 2708K [0x0000000795580000, 0x0000000798b80000, 0x00000007c0000000)
  eden space 49152K, 0% used [0x0000000795580000,0x0000000795580000,0x0000000798580000)
  from space 3072K, 88% used [0x0000000798880000,0x0000000798b252f0,0x0000000798b80000)
  to   space 3072K, 0% used [0x0000000798580000,0x0000000798580000,0x0000000798880000)
 ParOldGen       total 129536K, used 91725K [0x0000000740000000, 0x0000000747e80000, 0x0000000795580000)
  object space 129536K, 70% used [0x0000000740000000,0x00000007459935a8,0x0000000747e80000)
 Metaspace       used 18115K, capacity 18408K, committed 18560K, reserved 1064960K
  class space    used 2604K, capacity 2677K, committed 2688K, reserved 1048576K
}
Event: 34.501 GC heap before
{Heap before GC invocations=17 (full 0):
 PSYoungGen      total 52224K, used 50616K [0x0000000795580000, 0x0000000798b80000, 0x00000007c0000000)
  eden space 49152K, 97% used [0x0000000795580000,0x0000000798448e20,0x0000000798580000)
  from space 3072K, 88% used [0x0000000798880000,0x0000000798b252f0,0x0000000798b80000)
  to   space 3072K, 0% used [0x0000000798580000,0x0000000798580000,0x0000000798880000)
 ParOldGen       total 129536K, used 91725K [0x0000000740000000, 0x0000000747e80000, 0x0000000795580000)
  object space 129536K, 70% used [0x0000000740000000,0x00000007459935a8,0x0000000747e80000)
 Metaspace       used 18441K, capacity 18684K, committed 18944K, reserved 1064960K
  class space    used 2617K, capacity 2691K, committed 2816K, reserved 1048576K
Event: 34.557 GC heap after
Heap after GC invocations=17 (full 0):
 PSYoungGen      total 52224K, used 2872K [0x0000000795580000, 0x000000079a000000, 0x00000007c0000000)
  eden space 49152K, 0% used [0x0000000795580000,0x0000000795580000,0x0000000798580000)
  from space 3072K, 93% used [0x0000000798580000,0x000000079884e018,0x0000000798880000)
  to   space 3584K, 0% used [0x0000000799c80000,0x0000000799c80000,0x000000079a000000)
 ParOldGen       total 129536K, used 120095K [0x0000000740000000, 0x0000000747e80000, 0x0000000795580000)
  object space 129536K, 92% used [0x0000000740000000,0x0000000747547d70,0x0000000747e80000)
 Metaspace       used 18441K, capacity 18684K, committed 18944K, reserved 1064960K
  class space    used 2617K, capacity 2691K, committed 2816K, reserved 1048576K
}
Event: 34.557 GC heap before
{Heap before GC invocations=18 (full 1):
 PSYoungGen      total 52224K, used 2872K [0x0000000795580000, 0x000000079a000000, 0x00000007c0000000)
  eden space 49152K, 0% used [0x0000000795580000,0x0000000795580000,0x0000000798580000)
  from space 3072K, 93% used [0x0000000798580000,0x000000079884e018,0x0000000798880000)
  to   space 3584K, 0% used [0x0000000799c80000,0x0000000799c80000,0x000000079a000000)
 ParOldGen       total 129536K, used 120095K [0x0000000740000000, 0x0000000747e80000, 0x0000000795580000)
  object space 129536K, 92% used [0x0000000740000000,0x0000000747547d70,0x0000000747e80000)
 Metaspace       used 18441K, capacity 18684K, committed 18944K, reserved 1064960K
  class space    used 2617K, capacity 2691K, committed 2816K, reserved 1048576K
Event: 34.679 GC heap after
Heap after GC invocations=18 (full 1):
 PSYoungGen      total 52224K, used 0K [0x0000000795580000, 0x000000079a000000, 0x00000007c0000000)
  eden space 49152K, 0% used [0x0000000795580000,0x0000000795580000,0x0000000798580000)
  from space 3072K, 0% used [0x0000000798580000,0x0000000798580000,0x0000000798880000)
  to   space 3584K, 0% used [0x0000000799c80000,0x0000000799c80000,0x000000079a000000)
 ParOldGen       total 72192K, used 40634K [0x0000000740000000, 0x0000000744680000, 0x0000000795580000)
  object space 72192K, 56% used [0x0000000740000000,0x00000007427aeb48,0x0000000744680000)
 Metaspace       used 18441K, capacity 18684K, committed 18944K, reserved 1064960K
  class space    used 2617K, capacity 2691K, committed 2816K, reserved 1048576K
}

Deoptimization events (10 events):
Event: 29.169 Thread 0x00007f8734a55000 Uncommon trap: reason=class_check action=maybe_recompile pc=0x000000010b106bc8 method=javafx.scene.Node.isVisible()Z @ 15
Event: 29.187 Thread 0x00007f8734a55000 Uncommon trap: reason=class_check action=maybe_recompile pc=0x000000010b053dc0 method=javafx.scene.Node.isVisible()Z @ 15
Event: 37.521 Thread 0x00007f8734a55000 Uncommon trap: reason=unreached action=reinterpret pc=0x000000010b15fd6c method=javafx.scene.CssStyleHelper.transitionToState(Ljavafx/scene/Node;Lcom/sun/javafx/scene/CssFlags;)V @ 725
Event: 37.753 Thread 0x00007f8734a55000 Uncommon trap: reason=class_check action=maybe_recompile pc=0x000000010afd85bc method=javafx.scene.Node.getLocalBounds(Lcom/sun/javafx/geom/BaseBounds;Lcom/sun/javafx/geom/transform/BaseTransform;)Lcom/sun/javafx/geom/BaseBounds; @ 22
Event: 37.757 Thread 0x00007f8734a55000 Uncommon trap: reason=unreached action=reinterpret pc=0x000000010afd85ac method=javafx.scene.Node.getLocalBounds(Lcom/sun/javafx/geom/BaseBounds;Lcom/sun/javafx/geom/transform/BaseTransform;)Lcom/sun/javafx/geom/BaseBounds; @ 4
Event: 37.765 Thread 0x00007f8734a55000 Uncommon trap: reason=class_check action=maybe_recompile pc=0x000000010afbdc08 method=java.util.WeakHashMap.eq(Ljava/lang/Object;Ljava/lang/Object;)Z @ 7
Event: 38.153 Thread 0x00007f8734a55000 Uncommon trap: reason=unreached action=reinterpret pc=0x000000010b0569b8 method=javafx.scene.Node.getLocalBounds(Lcom/sun/javafx/geom/BaseBounds;Lcom/sun/javafx/geom/transform/BaseTransform;)Lcom/sun/javafx/geom/BaseBounds; @ 4
Event: 40.671 Thread 0x00007f8734a55000 Uncommon trap: reason=class_check action=maybe_recompile pc=0x000000010afbdc08 method=java.util.WeakHashMap.eq(Ljava/lang/Object;Ljava/lang/Object;)Z @ 7
Event: 42.573 Thread 0x00007f8734a55000 Uncommon trap: reason=class_check action=maybe_recompile pc=0x000000010afbdc08 method=java.util.WeakHashMap.eq(Ljava/lang/Object;Ljava/lang/Object;)Z @ 7
Event: 43.453 Thread 0x00007f8734a55000 Uncommon trap: reason=class_check action=maybe_recompile pc=0x000000010afbdc08 method=java.util.WeakHashMap.eq(Ljava/lang/Object;Ljava/lang/Object;)Z @ 7

Internal exceptions (10 events):
Event: 44.503 Thread 0x00007f8734a55000 Exception <a 'java/security/PrivilegedActionException'> (0x0000000796268ff0) thrown at [/HUDSON3/workspace/8-2-build-macosx-x86_64/jdk8u11/648/hotspot/src/share/vm/prims/jvm.cpp, line 1248]
Event: 44.506 Thread 0x00007f8734a55000 Exception <a 'java/security/PrivilegedActionException'> (0x00000007962c1200) thrown at [/HUDSON3/workspace/8-2-build-macosx-x86_64/jdk8u11/648/hotspot/src/share/vm/prims/jvm.cpp, line 1248]
Event: 44.506 Thread 0x00007f8734a55000 Exception <a 'java/security/PrivilegedActionException'> (0x00000007962c1d78) thrown at [/HUDSON3/workspace/8-2-build-macosx-x86_64/jdk8u11/648/hotspot/src/share/vm/prims/jvm.cpp, line 1248]
Event: 44.507 Thread 0x00007f8734a55000 Exception <a 'java/security/PrivilegedActionException'> (0x00000007962e0810) thrown at [/HUDSON3/workspace/8-2-build-macosx-x86_64/jdk8u11/648/hotspot/src/share/vm/prims/jvm.cpp, line 1248]
Event: 44.507 Thread 0x00007f8734a55000 Exception <a 'java/security/PrivilegedActionException'> (0x00000007962e1380) thrown at [/HUDSON3/workspace/8-2-build-macosx-x86_64/jdk8u11/648/hotspot/src/share/vm/prims/jvm.cpp, line 1248]
Event: 44.508 Thread 0x00007f8734a55000 Exception <a 'java/security/PrivilegedActionException'> (0x00000007963001f0) thrown at [/HUDSON3/workspace/8-2-build-macosx-x86_64/jdk8u11/648/hotspot/src/share/vm/prims/jvm.cpp, line 1248]
Event: 44.508 Thread 0x00007f8734a55000 Exception <a 'java/security/PrivilegedActionException'> (0x0000000796300d50) thrown at [/HUDSON3/workspace/8-2-build-macosx-x86_64/jdk8u11/648/hotspot/src/share/vm/prims/jvm.cpp, line 1248]
Event: 44.508 Thread 0x00007f8734a55000 Exception <a 'java/security/PrivilegedActionException'> (0x000000079631e140) thrown at [/HUDSON3/workspace/8-2-build-macosx-x86_64/jdk8u11/648/hotspot/src/share/vm/prims/jvm.cpp, line 1248]
Event: 44.508 Thread 0x00007f8734a55000 Exception <a 'java/security/PrivilegedActionException'> (0x000000079631ecc0) thrown at [/HUDSON3/workspace/8-2-build-macosx-x86_64/jdk8u11/648/hotspot/src/share/vm/prims/jvm.cpp, line 1248]
Event: 44.532 Thread 0x00007f8734a55000 Exception <a 'java/security/PrivilegedActionException'> (0x00000007965be438) thrown at [/HUDSON3/workspace/8-2-build-macosx-x86_64/jdk8u11/648/hotspot/src/share/vm/prims/jvm.cpp, line 1248]

Events (10 events):
Event: 44.554 loading class javafx/scene/shape/Line$1
Event: 44.554 loading class javafx/scene/shape/Line$1 done
Event: 44.554 loading class javafx/scene/shape/Line$2
Event: 44.554 loading class javafx/scene/shape/Line$2 done
Event: 44.554 loading class javafx/scene/shape/Line$3
Event: 44.554 loading class javafx/scene/shape/Line$3 done
Event: 44.554 loading class javafx/scene/shape/Line$4
Event: 44.554 loading class javafx/scene/shape/Line$4 done
Event: 44.555 loading class com/sun/javafx/sg/prism/NGLine
Event: 44.555 loading class com/sun/javafx/sg/prism/NGLine done


Dynamic libraries:
0x0000000006a90000 	/System/Library/Frameworks/Cocoa.framework/Versions/A/Cocoa
0x0000000006a90000 	/System/Library/Frameworks/Security.framework/Versions/A/Security
0x0000000006a90000 	/System/Library/Frameworks/ApplicationServices.framework/Versions/A/ApplicationServices
0x0000000006a90000 	/usr/lib/libz.1.dylib
0x0000000006a90000 	/usr/lib/libSystem.B.dylib
0x0000000006a90000 	/usr/lib/libobjc.A.dylib
0x0000000006a90000 	/System/Library/Frameworks/CoreFoundation.framework/Versions/A/CoreFoundation
0x0000000006a90000 	/System/Library/Frameworks/Foundation.framework/Versions/C/Foundation
0x0000000006a90000 	/System/Library/Frameworks/AppKit.framework/Versions/C/AppKit
0x0000000006a90000 	/System/Library/Frameworks/CoreData.framework/Versions/A/CoreData
0x0000000006a90000 	/System/Library/PrivateFrameworks/RemoteViewServices.framework/Versions/A/RemoteViewServices
0x0000000006a90000 	/System/Library/PrivateFrameworks/UIFoundation.framework/Versions/A/UIFoundation
0x0000000006a90000 	/System/Library/Frameworks/IOSurface.framework/Versions/A/IOSurface
0x0000000006a90000 	/System/Library/Frameworks/AudioToolbox.framework/Versions/A/AudioToolbox
0x0000000006a90000 	/System/Library/Frameworks/AudioUnit.framework/Versions/A/AudioUnit
0x0000000006a90000 	/System/Library/PrivateFrameworks/DataDetectorsCore.framework/Versions/A/DataDetectorsCore
0x0000000006a90000 	/System/Library/PrivateFrameworks/DesktopServicesPriv.framework/Versions/A/DesktopServicesPriv
0x0000000006a90000 	/System/Library/Frameworks/Carbon.framework/Versions/A/Frameworks/HIToolbox.framework/Versions/A/HIToolbox
0x0000000006a90000 	/System/Library/Frameworks/QuartzCore.framework/Versions/A/QuartzCore
0x0000000006a90000 	/System/Library/Frameworks/Carbon.framework/Versions/A/Frameworks/SpeechRecognition.framework/Versions/A/SpeechRecognition
0x0000000006a90000 	/usr/lib/libauto.dylib
0x0000000006a90000 	/usr/lib/libicucore.A.dylib
0x0000000006a90000 	/usr/lib/libxml2.2.dylib
0x0000000006a90000 	/System/Library/PrivateFrameworks/CoreUI.framework/Versions/A/CoreUI
0x0000000006a90000 	/System/Library/Frameworks/CoreAudio.framework/Versions/A/CoreAudio
0x0000000006a90000 	/System/Library/Frameworks/DiskArbitration.framework/Versions/A/DiskArbitration
0x0000000006a90000 	/usr/lib/liblangid.dylib
0x0000000006a90000 	/System/Library/PrivateFrameworks/MultitouchSupport.framework/Versions/A/MultitouchSupport
0x0000000006a90000 	/System/Library/Frameworks/IOKit.framework/Versions/A/IOKit
0x0000000006a90000 	/usr/lib/libDiagnosticMessagesClient.dylib
0x0000000006a90000 	/System/Library/Frameworks/CoreServices.framework/Versions/A/CoreServices
0x0000000006a90000 	/System/Library/PrivateFrameworks/PerformanceAnalysis.framework/Versions/A/PerformanceAnalysis
0x0000000006a90000 	/System/Library/PrivateFrameworks/GenerationalStorage.framework/Versions/A/GenerationalStorage
0x0000000006a90000 	/System/Library/Frameworks/OpenGL.framework/Versions/A/OpenGL
0x0000000006a90000 	/System/Library/PrivateFrameworks/Sharing.framework/Versions/A/Sharing
0x0000000006a90000 	/System/Library/Frameworks/CoreGraphics.framework/Versions/A/CoreGraphics
0x0000000006a90000 	/System/Library/Frameworks/CoreText.framework/Versions/A/CoreText
0x0000000006a90000 	/System/Library/Frameworks/ImageIO.framework/Versions/A/ImageIO
0x0000000006a90000 	/usr/lib/libextension.dylib
0x0000000006a90000 	/System/Library/PrivateFrameworks/Backup.framework/Versions/A/Backup
0x0000000006a90000 	/usr/lib/libarchive.2.dylib
0x0000000006a90000 	/System/Library/Frameworks/CFNetwork.framework/Versions/A/CFNetwork
0x0000000006a90000 	/System/Library/Frameworks/SystemConfiguration.framework/Versions/A/SystemConfiguration
0x0000000006a90000 	/usr/lib/libCRFSuite.dylib
0x0000000006a90000 	/usr/lib/libc++.1.dylib
0x0000000006a90000 	/usr/lib/libc++abi.dylib
0x0000000006a90000 	/usr/lib/system/libcache.dylib
0x0000000006a90000 	/usr/lib/system/libcommonCrypto.dylib
0x0000000006a90000 	/usr/lib/system/libcompiler_rt.dylib
0x0000000006a90000 	/usr/lib/system/libcopyfile.dylib
0x0000000006a90000 	/usr/lib/system/libcorecrypto.dylib
0x0000000006a90000 	/usr/lib/system/libdispatch.dylib
0x0000000006a90000 	/usr/lib/system/libdyld.dylib
0x0000000006a90000 	/usr/lib/system/libkeymgr.dylib
0x0000000006a90000 	/usr/lib/system/liblaunch.dylib
0x0000000006a90000 	/usr/lib/system/libmacho.dylib
0x0000000006a90000 	/usr/lib/system/libquarantine.dylib
0x0000000006a90000 	/usr/lib/system/libremovefile.dylib
0x0000000006a90000 	/usr/lib/system/libsystem_asl.dylib
0x0000000006a90000 	/usr/lib/system/libsystem_blocks.dylib
0x0000000006a90000 	/usr/lib/system/libsystem_c.dylib
0x0000000006a90000 	/usr/lib/system/libsystem_configuration.dylib
0x0000000006a90000 	/usr/lib/system/libsystem_coreservices.dylib
0x0000000006a90000 	/usr/lib/system/libsystem_coretls.dylib
0x0000000006a90000 	/usr/lib/system/libsystem_dnssd.dylib
0x0000000006a90000 	/usr/lib/system/libsystem_info.dylib
0x0000000006a90000 	/usr/lib/system/libsystem_kernel.dylib
0x0000000006a90000 	/usr/lib/system/libsystem_m.dylib
0x0000000006a90000 	/usr/lib/system/libsystem_malloc.dylib
0x0000000006a90000 	/usr/lib/system/libsystem_network.dylib
0x0000000006a90000 	/usr/lib/system/libsystem_networkextension.dylib
0x0000000006a90000 	/usr/lib/system/libsystem_notify.dylib
0x0000000006a90000 	/usr/lib/system/libsystem_platform.dylib
0x0000000006a90000 	/usr/lib/system/libsystem_pthread.dylib
0x0000000006a90000 	/usr/lib/system/libsystem_sandbox.dylib
0x0000000006a90000 	/usr/lib/system/libsystem_secinit.dylib
0x0000000006a90000 	/usr/lib/system/libsystem_stats.dylib
0x0000000006a90000 	/usr/lib/system/libsystem_trace.dylib
0x0000000006a90000 	/usr/lib/system/libunc.dylib
0x0000000006a90000 	/usr/lib/system/libunwind.dylib
0x0000000006a90000 	/usr/lib/system/libxpc.dylib
0x0000000006a90000 	/usr/lib/libbz2.1.0.dylib
0x0000000006a90000 	/usr/lib/liblzma.5.dylib
0x0000000006a90000 	/usr/lib/libbsm.0.dylib
0x0000000006a90000 	/usr/lib/libsqlite3.dylib
0x0000000006a90000 	/usr/lib/system/libkxld.dylib
0x0000000006a90000 	/usr/lib/libxar.1.dylib
0x0000000006a90000 	/usr/lib/libpam.2.dylib
0x0000000006a90000 	/usr/lib/libOpenScriptingUtil.dylib
0x0000000006a90000 	/System/Library/Frameworks/CoreServices.framework/Versions/A/Frameworks/FSEvents.framework/Versions/A/FSEvents
0x0000000006a90000 	/System/Library/Frameworks/CoreServices.framework/Versions/A/Frameworks/CarbonCore.framework/Versions/A/CarbonCore
0x0000000006a90000 	/System/Library/Frameworks/CoreServices.framework/Versions/A/Frameworks/Metadata.framework/Versions/A/Metadata
0x0000000006a90000 	/System/Library/Frameworks/CoreServices.framework/Versions/A/Frameworks/OSServices.framework/Versions/A/OSServices
0x0000000006a90000 	/System/Library/Frameworks/CoreServices.framework/Versions/A/Frameworks/SearchKit.framework/Versions/A/SearchKit
0x0000000006a90000 	/System/Library/Frameworks/CoreServices.framework/Versions/A/Frameworks/AE.framework/Versions/A/AE
0x0000000006a90000 	/System/Library/Frameworks/CoreServices.framework/Versions/A/Frameworks/LaunchServices.framework/Versions/A/LaunchServices
0x0000000006a90000 	/System/Library/Frameworks/CoreServices.framework/Versions/A/Frameworks/DictionaryServices.framework/Versions/A/DictionaryServices
0x0000000006a90000 	/System/Library/Frameworks/NetFS.framework/Versions/A/NetFS
0x0000000006a90000 	/System/Library/PrivateFrameworks/NetAuth.framework/Versions/A/NetAuth
0x0000000006a90000 	/System/Library/PrivateFrameworks/login.framework/Versions/A/Frameworks/loginsupport.framework/Versions/A/loginsupport
0x0000000006a90000 	/System/Library/PrivateFrameworks/TCC.framework/Versions/A/TCC
0x0000000006a90000 	/usr/lib/libmecabra.dylib
0x0000000006a90000 	/System/Library/PrivateFrameworks/LanguageModeling.framework/Versions/A/LanguageModeling
0x0000000006a90000 	/usr/lib/libcmph.dylib
0x0000000006a90000 	/usr/lib/libiconv.2.dylib
0x0000000006a90000 	/System/Library/Frameworks/OpenDirectory.framework/Versions/A/Frameworks/CFOpenDirectory.framework/Versions/A/CFOpenDirectory
0x0000000006a90000 	/System/Library/Frameworks/ServiceManagement.framework/Versions/A/ServiceManagement
0x0000000006a90000 	/usr/lib/libxslt.1.dylib
0x0000000006a90000 	/System/Library/Frameworks/Carbon.framework/Versions/A/Frameworks/Ink.framework/Versions/A/Ink
0x0000000006a90000 	/System/Library/Frameworks/ApplicationServices.framework/Versions/A/Frameworks/ATS.framework/Versions/A/ATS
0x0000000006a90000 	/System/Library/Frameworks/ApplicationServices.framework/Versions/A/Frameworks/ColorSync.framework/Versions/A/ColorSync
0x0000000006a90000 	/System/Library/Frameworks/ApplicationServices.framework/Versions/A/Frameworks/HIServices.framework/Versions/A/HIServices
0x0000000006a90000 	/System/Library/Frameworks/ApplicationServices.framework/Versions/A/Frameworks/LangAnalysis.framework/Versions/A/LangAnalysis
0x0000000006a90000 	/System/Library/Frameworks/ApplicationServices.framework/Versions/A/Frameworks/PrintCore.framework/Versions/A/PrintCore
0x0000000006a90000 	/System/Library/Frameworks/ApplicationServices.framework/Versions/A/Frameworks/QD.framework/Versions/A/QD
0x0000000006a90000 	/System/Library/Frameworks/ApplicationServices.framework/Versions/A/Frameworks/SpeechSynthesis.framework/Versions/A/SpeechSynthesis
0x0000000006a90000 	/System/Library/Frameworks/Accelerate.framework/Versions/A/Accelerate
0x0000000006a90000 	/System/Library/Frameworks/Accelerate.framework/Versions/A/Frameworks/vImage.framework/Versions/A/vImage
0x0000000006a90000 	/System/Library/Frameworks/Accelerate.framework/Versions/A/Frameworks/vecLib.framework/Versions/A/vecLib
0x0000000006a90000 	/System/Library/Frameworks/Accelerate.framework/Versions/A/Frameworks/vecLib.framework/Versions/A/libvDSP.dylib
0x0000000006a90000 	/System/Library/Frameworks/Accelerate.framework/Versions/A/Frameworks/vecLib.framework/Versions/A/libvMisc.dylib
0x0000000006a90000 	/System/Library/Frameworks/Accelerate.framework/Versions/A/Frameworks/vecLib.framework/Versions/A/libLAPACK.dylib
0x0000000006a90000 	/System/Library/Frameworks/Accelerate.framework/Versions/A/Frameworks/vecLib.framework/Versions/A/libBLAS.dylib
0x0000000006a90000 	/System/Library/Frameworks/Accelerate.framework/Versions/A/Frameworks/vecLib.framework/Versions/A/libLinearAlgebra.dylib
0x0000000006a90000 	/System/Library/Frameworks/ApplicationServices.framework/Versions/A/Frameworks/ATS.framework/Versions/A/Resources/libFontParser.dylib
0x0000000006a90000 	/System/Library/Frameworks/ApplicationServices.framework/Versions/A/Frameworks/ATS.framework/Versions/A/Resources/libFontRegistry.dylib
0x0000000006a90000 	/System/Library/PrivateFrameworks/AppleVPA.framework/Versions/A/AppleVPA
0x0000000006a90000 	/System/Library/PrivateFrameworks/AppleJPEG.framework/Versions/A/AppleJPEG
0x0000000006a90000 	/System/Library/Frameworks/ImageIO.framework/Versions/A/Resources/libJPEG.dylib
0x0000000006a90000 	/System/Library/Frameworks/ImageIO.framework/Versions/A/Resources/libTIFF.dylib
0x0000000006a90000 	/System/Library/Frameworks/ImageIO.framework/Versions/A/Resources/libPng.dylib
0x0000000006a90000 	/System/Library/Frameworks/ImageIO.framework/Versions/A/Resources/libGIF.dylib
0x0000000006a90000 	/System/Library/Frameworks/ImageIO.framework/Versions/A/Resources/libJP2.dylib
0x0000000006a90000 	/System/Library/Frameworks/ImageIO.framework/Versions/A/Resources/libRadiance.dylib
0x0000000006a90000 	/System/Library/Frameworks/CoreVideo.framework/Versions/A/CoreVideo
0x0000000006a90000 	/System/Library/Frameworks/OpenGL.framework/Versions/A/Libraries/libGLU.dylib
0x0000000006a90000 	/System/Library/Frameworks/OpenGL.framework/Versions/A/Libraries/libGFXShared.dylib
0x0000000006a90000 	/System/Library/Frameworks/OpenGL.framework/Versions/A/Libraries/libGL.dylib
0x0000000006a90000 	/System/Library/Frameworks/OpenGL.framework/Versions/A/Libraries/libGLImage.dylib
0x0000000006a90000 	/System/Library/Frameworks/OpenGL.framework/Versions/A/Libraries/libCVMSPluginSupport.dylib
0x0000000006a90000 	/System/Library/Frameworks/OpenGL.framework/Versions/A/Libraries/libCoreVMClient.dylib
0x0000000006a90000 	/usr/lib/libcups.2.dylib
0x0000000006a90000 	/System/Library/Frameworks/Kerberos.framework/Versions/A/Kerberos
0x0000000006a90000 	/System/Library/Frameworks/GSS.framework/Versions/A/GSS
0x0000000006a90000 	/usr/lib/libresolv.9.dylib
0x0000000006a90000 	/System/Library/PrivateFrameworks/Heimdal.framework/Versions/A/Heimdal
0x0000000006a90000 	/usr/lib/libheimdal-asn1.dylib
0x0000000006a90000 	/System/Library/Frameworks/OpenDirectory.framework/Versions/A/OpenDirectory
0x0000000006a90000 	/System/Library/PrivateFrameworks/CommonAuth.framework/Versions/A/CommonAuth
0x0000000006a90000 	/System/Library/Frameworks/SecurityFoundation.framework/Versions/A/SecurityFoundation
0x0000000006a90000 	/System/Library/Frameworks/QuartzCore.framework/Versions/A/Frameworks/CoreImage.framework/Versions/A/CoreImage
0x0000000006a90000 	/System/Library/PrivateFrameworks/CrashReporterSupport.framework/Versions/A/CrashReporterSupport
0x0000000006a90000 	/System/Library/Frameworks/OpenCL.framework/Versions/A/OpenCL
0x0000000006a90000 	/System/Library/PrivateFrameworks/FaceCore.framework/Versions/A/FaceCore
0x0000000006a90000 	/System/Library/PrivateFrameworks/Ubiquity.framework/Versions/A/Ubiquity
0x0000000006a90000 	/System/Library/PrivateFrameworks/IconServices.framework/Versions/A/IconServices
0x0000000006a90000 	/System/Library/PrivateFrameworks/ChunkingLibrary.framework/Versions/A/ChunkingLibrary
0x0000000006a90000 	/System/Library/PrivateFrameworks/Apple80211.framework/Versions/A/Apple80211
0x0000000006a90000 	/System/Library/Frameworks/CoreWLAN.framework/Versions/A/CoreWLAN
0x0000000006a90000 	/System/Library/Frameworks/IOBluetooth.framework/Versions/A/IOBluetooth
0x0000000006a90000 	/System/Library/PrivateFrameworks/CoreWiFi.framework/Versions/A/CoreWiFi
0x0000000006a90000 	/System/Library/Frameworks/CoreBluetooth.framework/Versions/A/CoreBluetooth
0x0000000006a90000 	/System/Library/PrivateFrameworks/DebugSymbols.framework/Versions/A/DebugSymbols
0x0000000006a90000 	/System/Library/PrivateFrameworks/CoreSymbolication.framework/Versions/A/CoreSymbolication
0x0000000006a90000 	/System/Library/PrivateFrameworks/Symbolication.framework/Versions/A/Symbolication
0x0000000006a90000 	/System/Library/PrivateFrameworks/SpeechRecognitionCore.framework/Versions/A/SpeechRecognitionCore
0x00000001093b0000 	/Library/Java/JavaVirtualMachines/jdk1.8.0_11.jdk/Contents/Home/jre/lib/server/libjvm.dylib
0x0000000006a90000 	/usr/lib/libstdc++.6.dylib
0x000000010a374000 	/Library/Java/JavaVirtualMachines/jdk1.8.0_11.jdk/Contents/Home/jre/lib/libverify.dylib
0x000000010a382000 	/Library/Java/JavaVirtualMachines/jdk1.8.0_11.jdk/Contents/Home/jre/lib/libjava.dylib
0x000000010a3d7000 	/Library/Java/JavaVirtualMachines/jdk1.8.0_11.jdk/Contents/Home/jre/lib/libzip.dylib
0x000000011ffe6000 	/System/Library/Frameworks/JavaVM.framework/Frameworks/JavaRuntimeSupport.framework/JavaRuntimeSupport
0x000000011fffc000 	/System/Library/Frameworks/JavaVM.framework/Versions/A/Frameworks/JavaNativeFoundation.framework/Versions/A/JavaNativeFoundation
0x0000000120010000 	/System/Library/Frameworks/JavaVM.framework/Versions/A/JavaVM
0x0000000006a90000 	/System/Library/Frameworks/Carbon.framework/Versions/A/Carbon
0x000000012001c000 	/System/Library/PrivateFrameworks/JavaLaunching.framework/Versions/A/JavaLaunching
0x0000000006a90000 	/System/Library/Frameworks/Carbon.framework/Versions/A/Frameworks/CommonPanels.framework/Versions/A/CommonPanels
0x0000000006a90000 	/System/Library/Frameworks/Carbon.framework/Versions/A/Frameworks/Help.framework/Versions/A/Help
0x0000000006a90000 	/System/Library/Frameworks/Carbon.framework/Versions/A/Frameworks/ImageCapture.framework/Versions/A/ImageCapture
0x0000000006a90000 	/System/Library/Frameworks/Carbon.framework/Versions/A/Frameworks/OpenScripting.framework/Versions/A/OpenScripting
0x0000000006a90000 	/System/Library/Frameworks/Carbon.framework/Versions/A/Frameworks/Print.framework/Versions/A/Print
0x0000000006a90000 	/System/Library/Frameworks/Carbon.framework/Versions/A/Frameworks/SecurityHI.framework/Versions/A/SecurityHI
0x0000000121f81000 	/Library/Java/JavaVirtualMachines/jdk1.8.0_11.jdk/Contents/Home/jre/lib/libprism_es2.dylib
0x0000000006a90000 	/System/Library/Frameworks/OpenGL.framework/Versions/A/Resources/GLEngine.bundle/GLEngine
0x0000000006a90000 	/System/Library/Frameworks/OpenGL.framework/Versions/A/Libraries/libGLProgrammability.dylib
0x0000000000000000 	/System/Library/Extensions/GeForceTeslaGLDriver.bundle/Contents/MacOS/GeForceTeslaGLDriver
0x0000000121ffe000 	/System/Library/Extensions/GeForceTeslaGLDriver.bundle/Contents/MacOS/libclh.dylib
0x0000000122845000 	/System/Library/PrivateFrameworks/GPUSupport.framework/Versions/A/Libraries/libGPUSupport.dylib
0x0000000006a90000 	/System/Library/Frameworks/OpenGL.framework/Versions/A/Resources/GLRendererFloat.bundle/GLRendererFloat
0x0000000006a90000 	/System/Library/Frameworks/OpenCL.framework/Versions/A/Libraries/libcldcpuengine.dylib
0x0000000006a90000 	/System/Library/PrivateFrameworks/DiskImages.framework/Versions/A/DiskImages
0x0000000006a90000 	/System/Library/Frameworks/DiscRecording.framework/Versions/A/DiscRecording
0x0000000006a90000 	/usr/lib/libcsfde.dylib
0x0000000006a90000 	/usr/lib/libcurl.4.dylib
0x0000000006a90000 	/System/Library/PrivateFrameworks/MediaKit.framework/Versions/A/MediaKit
0x0000000006a90000 	/System/Library/PrivateFrameworks/ProtectedCloudStorage.framework/Versions/A/ProtectedCloudStorage
0x0000000006a90000 	/usr/lib/libCoreStorage.dylib
0x0000000006a90000 	/System/Library/PrivateFrameworks/EFILogin.framework/Versions/A/EFILogin
0x0000000006a90000 	/usr/lib/libutil.dylib
0x0000000006a90000 	/System/Library/PrivateFrameworks/FindMyDevice.framework/Versions/A/FindMyDevice
0x0000000006a90000 	/System/Library/Frameworks/LDAP.framework/Versions/A/LDAP
0x0000000006a90000 	/usr/lib/libsasl2.2.dylib
0x0000000006a90000 	/System/Library/PrivateFrameworks/CoreDaemon.framework/Versions/B/CoreDaemon
0x0000000006a90000 	/usr/lib/libcrypto.0.9.8.dylib
0x0000000006a90000 	/System/Library/PrivateFrameworks/AppleSRP.framework/Versions/A/AppleSRP
0x0000000006a90000 	/System/Library/PrivateFrameworks/TrustEvaluationAgent.framework/Versions/A/TrustEvaluationAgent
0x0000000122968000 	/Library/Java/JavaVirtualMachines/jdk1.8.0_11.jdk/Contents/Home/jre/lib/libglass.dylib
0x0000000006a90000 	/System/Library/PrivateFrameworks/CoreServicesInternal.framework/Versions/A/CoreServicesInternal
0x0000000006a90000 	/System/Library/PrivateFrameworks/CloudDocs.framework/Versions/A/CloudDocs
0x0000000006a90000 	/System/Library/PrivateFrameworks/CoreDuet.framework/Versions/A/CoreDuet
0x0000000006a90000 	/System/Library/Frameworks/CloudKit.framework/Versions/A/CloudKit
0x0000000006a90000 	/System/Library/PrivateFrameworks/ProtocolBuffer.framework/Versions/A/ProtocolBuffer
0x0000000006a90000 	/System/Library/PrivateFrameworks/CoreDuetDaemonProtocol.framework/Versions/A/CoreDuetDaemonProtocol
0x0000000006a90000 	/System/Library/PrivateFrameworks/CoreDuetDebugLogging.framework/Versions/A/CoreDuetDebugLogging
0x0000000006a90000 	/System/Library/Frameworks/CoreLocation.framework/Versions/A/CoreLocation
0x0000000006a90000 	/System/Library/Frameworks/Accounts.framework/Versions/A/Accounts
0x0000000006a90000 	/System/Library/PrivateFrameworks/ApplePushService.framework/Versions/A/ApplePushService
0x0000000006a90000 	/System/Library/PrivateFrameworks/GeoServices.framework/Versions/A/GeoServices
0x0000000006a90000 	/System/Library/PrivateFrameworks/OAuth.framework/Versions/A/OAuth
0x0000000006a90000 	/System/Library/Frameworks/CoreGraphics.framework/Versions/A/Resources/libCGCMS.A.dylib
0x0000000006a90000 	/System/Library/CoreServices/RawCamera.bundle/Contents/MacOS/RawCamera
0x0000000006a90000 	/System/Library/Frameworks/CoreGraphics.framework/Versions/A/Resources/libRIP.A.dylib
0x0000000006a90000 	/System/Library/PrivateFrameworks/FamilyControls.framework/Versions/A/FamilyControls
0x0000000006a90000 	/System/Library/PrivateFrameworks/CommerceKit.framework/Versions/A/Frameworks/CommerceCore.framework/Versions/A/CommerceCore
0x0000000006a90000 	/System/Library/PrivateFrameworks/SystemAdministration.framework/Versions/A/SystemAdministration
0x0000000006a90000 	/System/Library/PrivateFrameworks/AppContainer.framework/Versions/A/AppContainer
0x0000000006a90000 	/System/Library/PrivateFrameworks/SecCodeWrapper.framework/Versions/A/SecCodeWrapper
0x0000000006a90000 	/System/Library/Frameworks/DirectoryService.framework/Versions/A/DirectoryService
0x0000000006a90000 	/System/Library/PrivateFrameworks/LoginUIKit.framework/Versions/A/Frameworks/LoginUICore.framework/Versions/A/LoginUICore
0x0000000006a90000 	/usr/lib/libodfde.dylib
0x00000001258a8000 	/Library/Java/JavaVirtualMachines/jdk1.8.0_11.jdk/Contents/Home/jre/lib/libjavafx_iio.dylib
0x0000000123e18000 	/Library/Java/JavaVirtualMachines/jdk1.8.0_11.jdk/Contents/Home/jre/lib/libjavafx_font.dylib
0x0000000125bff000 	/Library/Java/JavaVirtualMachines/jdk1.8.0_11.jdk/Contents/Home/jre/lib/libnet.dylib
0x0000000125c5d000 	/Library/Java/JavaVirtualMachines/jdk1.8.0_11.jdk/Contents/Home/jre/lib/libnio.dylib
0x0000000125c6c000 	/Library/Java/JavaVirtualMachines/jdk1.8.0_11.jdk/Contents/Home/jre/lib/libglib-lite.dylib
0x0000000125d92000 	/Library/Java/JavaVirtualMachines/jdk1.8.0_11.jdk/Contents/Home/jre/lib/libgstreamer-lite.dylib
0x0000000125afc000 	/Library/Java/JavaVirtualMachines/jdk1.8.0_11.jdk/Contents/Home/jre/lib/libjfxmedia.dylib
0x0000000006a90000 	/System/Library/Frameworks/QTKit.framework/Versions/A/QTKit
0x0000000006a90000 	/System/Library/Frameworks/AVFoundation.framework/Versions/A/AVFoundation
0x0000000006a90000 	/System/Library/Frameworks/CoreMedia.framework/Versions/A/CoreMedia
0x0000000006a90000 	/System/Library/Frameworks/MediaToolbox.framework/Versions/A/MediaToolbox
0x0000000006a90000 	/System/Library/Frameworks/VideoToolbox.framework/Versions/A/VideoToolbox
0x0000000006a90000 	/System/Library/PrivateFrameworks/CoreMediaAuthoring.framework/Versions/A/CoreMediaAuthoring
0x0000000006a90000 	/System/Library/Frameworks/CoreMediaIO.framework/Versions/A/CoreMediaIO
0x0000000006a90000 	/System/Library/Frameworks/AVFoundation.framework/Versions/A/Resources/libAVFAudio.dylib
0x0000000006a90000 	/System/Library/PrivateFrameworks/MediaControlSender.framework/Versions/A/MediaControlSender
0x0000000006a90000 	/System/Library/PrivateFrameworks/CoreAVCHD.framework/Versions/A/CoreAVCHD
0x0000000006a90000 	/System/Library/Frameworks/MediaAccessibility.framework/Versions/A/MediaAccessibility
0x0000000006a90000 	/System/Library/PrivateFrameworks/Mangrove.framework/Versions/A/Mangrove
0x0000000006a90000 	/System/Library/PrivateFrameworks/CoreAUC.framework/Versions/A/CoreAUC
0x0000000006a90000 	/System/Library/PrivateFrameworks/NetworkStatistics.framework/Versions/A/NetworkStatistics
0x0000000006a90000 	/System/Library/PrivateFrameworks/AirPlaySupport.framework/Versions/A/AirPlaySupport
0x0000000006a90000 	/System/Library/PrivateFrameworks/CoreUtils.framework/Versions/A/CoreUtils
0x0000000006a90000 	/System/Library/PrivateFrameworks/AppleVA.framework/Versions/A/AppleVA
0x0000000006a90000 	/System/Library/PrivateFrameworks/XPCService.framework/Versions/A/XPCService
0x0000000006a90000 	/System/Library/PrivateFrameworks/AppSandbox.framework/Versions/A/AppSandbox
0x0000000006a90000 	/usr/lib/libsandbox.1.dylib
0x0000000006a90000 	/usr/lib/libMatch.1.dylib
0x0000000125ba6000 	/Library/Java/JavaVirtualMachines/jdk1.8.0_11.jdk/Contents/Home/jre/lib/libfxplugins.dylib
0x0000000123e2c000 	/System/Library/Frameworks/VideoDecodeAcceleration.framework/Versions/A/VideoDecodeAcceleration
0x0000000125bd1000 	/System/Library/Extensions/AppleHDA.kext/Contents/PlugIns/AppleHDAHALPlugIn.bundle/Contents/MacOS/AppleHDAHALPlugIn
0x000000012609b000 	/Library/Audio/Plug-Ins/HAL/Digidesign CoreAudio.plugin/Contents/MacOS/Digidesign CoreAudio
0x000000012610a000 	/Library/Audio/Plug-Ins/HAL/NumarkMixDeckAudioHAL.plugin/Contents/MacOS/NumarkMixDeckAudioHAL
0x0000000126138000 	/Library/Audio/Plug-Ins/HAL/NumarkNS6AudioHAL.plugin/Contents/MacOS/NumarkNS6AudioHAL
0x0000000126168000 	/Library/Audio/Plug-Ins/HAL/NumarkNS7AudioHAL.plugin/Contents/MacOS/NumarkNS7AudioHAL
0x0000000126196000 	/Library/Audio/Plug-Ins/HAL/NumarkV7AudioHAL.plugin/Contents/MacOS/NumarkV7AudioHAL
0x00000001261c4000 	/Library/Audio/Plug-Ins/HAL/XONE_DX.plugin/Contents/MacOS/XONE_DX
0x0000000126234000 	/System/Library/Components/CoreAudio.component/Contents/MacOS/CoreAudio
0x000000012680f000 	/System/Library/Components/AudioCodecs.component/Contents/MacOS/AudioCodecs
0x0000000006a90000 	/System/Library/Frameworks/CoreGraphics.framework/Versions/A/Resources/libCGXType.A.dylib
0x0000000127b0b000 	cl_kernels
0x0000000129083000 	/System/Library/Frameworks/OpenCL.framework/Versions/A/Libraries/ImageFormats/unorm8_bgra.dylib
0x0000000127afc000 	cl_kernels
0x0000000129e61000 	/Library/Java/JavaVirtualMachines/jdk1.8.0_11.jdk/Contents/Home/jre/lib/libprism_common.dylib

VM Arguments:
jvm_args: -Dfile.encoding=UTF-8 
java_command: /Users/lewisdiego/Documents/GitHub/SpaceTrader/SpaceTrader/dist/run35101910/SpaceTrader.jar
java_class_path (initial): /Users/lewisdiego/Documents/GitHub/SpaceTrader/SpaceTrader/dist/run35101910/SpaceTrader.jar
Launcher Type: SUN_STANDARD

Environment Variables:
PATH=/usr/bin:/bin:/usr/sbin:/sbin
LD_LIBRARY_PATH=/Library/Java/JavaVirtualMachines/jdk1.8.0_11.jdk/Contents/Home/jre/lib/amd64:/Library/Java/JavaVirtualMachines/jdk1.8.0_11.jdk/Contents/Home/jre/lib/i386:
SHELL=/bin/bash
DISPLAY=/private/tmp/com.apple.launchd.p3Uf63Z4b6/org.macosforge.xquartz:0
DYLD_LIBRARY_PATH=/Applications/NetBeans/NetBeans 8.0.app/Contents/Resources/NetBeans/webcommon/bin:

Signal Handlers:
SIGSEGV: [libjvm.dylib+0x56059b], sa_mask[0]=0xfffefeff, sa_flags=0x00000043
SIGBUS: [libjvm.dylib+0x56059b], sa_mask[0]=0xfffefeff, sa_flags=0x00000042
SIGFPE: [libjvm.dylib+0x4438f2], sa_mask[0]=0xfffefeff, sa_flags=0x00000042
SIGPIPE: [libjvm.dylib+0x4438f2], sa_mask[0]=0xfffefeff, sa_flags=0x00000042
SIGXFSZ: [libjvm.dylib+0x4438f2], sa_mask[0]=0xfffefeff, sa_flags=0x00000042
SIGILL: [libjvm.dylib+0x4438f2], sa_mask[0]=0xfffefeff, sa_flags=0x00000042
SIGUSR1: SIG_DFL, sa_mask[0]=0x00000000, sa_flags=0x00000000
SIGUSR2: [libjvm.dylib+0x443410], sa_mask[0]=0x00000004, sa_flags=0x00000042
SIGHUP: [AudioToolbox+0xe0034], sa_mask[0]=0x00000000, sa_flags=0x00000002
SIGINT: SIG_IGN, sa_mask[0]=0x00000000, sa_flags=0x00000000
SIGTERM: [libjvm.dylib+0x44179b], sa_mask[0]=0xfffefeff, sa_flags=0x00000042
SIGQUIT: [libjvm.dylib+0x44179b], sa_mask[0]=0xfffefeff, sa_flags=0x00000042


---------------  S Y S T E M  ---------------

OS:Bsduname:Darwin 14.0.0 Darwin Kernel Version 14.0.0: Fri Sep 19 00:26:44 PDT 2014; root:xnu-2782.1.97~2/RELEASE_X86_64 x86_64
rlimit: STACK 8192k, CORE 0k, NPROC 709, NOFILE 10240, AS infinity
load average:3.24 2.58 2.26

CPU:total 2 (2 cores per cpu, 1 threads per core) family 6 model 23 stepping 10, cmov, cx8, fxsr, mmx, sse, sse2, sse3, ssse3, sse4.1, tsc

Memory: 4k page, physical 8388608k(93044k free)

/proc/meminfo:


vm_info: Java HotSpot(TM) 64-Bit Server VM (25.11-b03) for bsd-amd64 JRE (1.8.0_11-b12), built on Jun 16 2014 17:39:42 by "java_re" with gcc 4.2.1 (Based on Apple Inc. build 5658) (LLVM build 2336.11.00)

time: Wed Oct 29 01:28:34 2014
elapsed time: 44 seconds

